TN:
SF:src/file.ts
FN:4,getAst
FN:11,parseVueSFC
FN:34,getAstFromPath
FNF:3
FNH:3
FNDA:6,getAst
FNDA:6,parseVueSFC
FNDA:5,getAstFromPath
DA:1,1
DA:2,1
DA:3,1
DA:4,6
DA:5,6
DA:6,6
DA:7,6
DA:8,6
DA:9,6
DA:10,1
DA:11,6
DA:12,6
DA:13,6
DA:14,6
DA:15,6
DA:16,137
DA:17,5
DA:18,5
DA:19,5
DA:20,132
DA:21,137
DA:22,5
DA:23,5
DA:24,5
DA:25,127
DA:26,137
DA:27,95
DA:28,95
DA:29,137
DA:30,6
DA:31,6
DA:32,6
DA:33,1
DA:34,5
DA:35,5
DA:36,5
DA:37,5
DA:38,5
DA:39,5
DA:40,5
DA:41,5
LF:41
LH:41
BRDA:4,0,0,6
BRDA:11,1,0,6
BRDA:15,2,0,137
BRDA:16,3,0,5
BRDA:20,4,0,132
BRDA:21,5,0,5
BRDA:25,6,0,127
BRDA:26,7,0,95
BRDA:34,8,0,5
BRF:9
BRH:9
end_of_record
TN:
SF:src/search.ts
FN:29,searchFnForExp
FN:52,searchPropertyForExp
FN:58,searchForExp
FN:62,breadthFirstSearch
FN:89,depthFirstSearch
FN:116,depthFirstSearchMultiple
FN:144,searchForExpression
FN:154,searchForProperty
FN:164,searchForFunctionLike
FN:195,visit
FN:235,isNode
FN:239,isArray
FN:243,isObject
FNF:13
FNH:13
FNDA:3,searchFnForExp
FNDA:2,searchPropertyForExp
FNDA:5,searchForExp
FNDA:7,breadthFirstSearch
FNDA:2,depthFirstSearch
FNDA:1,depthFirstSearchMultiple
FNDA:82,searchForExpression
FNDA:42,searchForProperty
FNDA:34,searchForFunctionLike
FNDA:150,visit
FNDA:979,isNode
FNDA:979,isArray
FNDA:150,isObject
DA:1,1
DA:2,1
DA:3,1
DA:4,1
DA:5,1
DA:6,1
DA:7,1
DA:8,1
DA:9,1
DA:10,1
DA:11,1
DA:12,1
DA:13,1
DA:14,1
DA:15,1
DA:16,1
DA:17,1
DA:18,1
DA:19,1
DA:20,1
DA:21,1
DA:22,1
DA:23,1
DA:24,1
DA:25,1
DA:26,1
DA:27,1
DA:28,1
DA:29,3
DA:30,3
DA:31,1
DA:32,1
DA:33,1
DA:34,1
DA:35,1
DA:36,1
DA:37,1
DA:38,1
DA:39,1
DA:40,1
DA:41,1
DA:42,1
DA:43,1
DA:44,3
DA:45,2
DA:46,2
DA:47,2
DA:48,2
DA:49,2
DA:50,3
DA:51,1
DA:52,2
DA:53,2
DA:54,2
DA:55,2
DA:56,2
DA:57,1
DA:58,5
DA:59,5
DA:60,5
DA:61,1
DA:62,7
DA:63,7
DA:64,7
DA:65,7
DA:66,7
DA:67,7
DA:68,7
DA:69,124
DA:70,124
DA:71,124
DA:72,124
DA:73,124
DA:74,5
DA:75,5
DA:76,119
DA:77,119
DA:78,119
DA:79,135
DA:80,135
DA:81,135
DA:82,135
DA:83,124
DA:84,124
DA:85,2
DA:86,2
DA:87,2
DA:88,1
DA:89,2
DA:90,2
DA:91,2
DA:92,2
DA:93,2
DA:94,2
DA:95,2
DA:96,8
DA:97,8
DA:98,8
DA:99,8
DA:100,8
DA:101,2
DA:102,2
DA:103,6
DA:104,6
DA:105,6
DA:106,8
DA:107,8
DA:108,8
DA:109,8
DA:110,8
DA:111,8
DA:112,0
DA:113,0
DA:114,0
DA:115,1
DA:116,1
DA:117,1
DA:118,1
DA:119,1
DA:120,1
DA:121,1
DA:122,1
DA:123,1
DA:124,26
DA:125,26
DA:126,26
DA:127,26
DA:128,26
DA:129,1
DA:130,1
DA:131,26
DA:132,26
DA:133,25
DA:134,25
DA:135,25
DA:136,25
DA:137,25
DA:138,26
DA:139,26
DA:140,1
DA:141,1
DA:142,1
DA:143,1
DA:144,82
DA:145,82
DA:146,3
DA:147,3
DA:148,79
DA:149,79
DA:150,79
DA:151,79
DA:152,79
DA:153,1
DA:154,42
DA:155,42
DA:156,2
DA:157,2
DA:158,40
DA:159,40
DA:160,40
DA:161,40
DA:162,40
DA:163,1
DA:164,34
DA:165,34
DA:166,34
DA:167,3
DA:168,3
DA:169,31
DA:170,31
DA:171,31
DA:172,31
DA:173,0
DA:174,31
DA:175,0
DA:176,31
DA:177,0
DA:178,0
DA:179,31
DA:180,31
DA:181,31
DA:182,0
DA:183,0
DA:184,31
DA:185,31
DA:186,31
DA:187,0
DA:188,0
DA:189,31
DA:190,31
DA:191,31
DA:192,31
DA:193,31
DA:194,1
DA:195,150
DA:196,150
DA:197,150
DA:198,150
DA:199,979
DA:200,829
DA:201,59
DA:202,59
DA:203,829
DA:204,109
DA:205,109
DA:206,829
DA:207,979
DA:208,150
DA:209,150
DA:210,150
DA:211,0
DA:212,0
DA:213,0
DA:214,0
DA:215,0
DA:216,0
DA:217,0
DA:218,0
DA:219,0
DA:220,0
DA:221,0
DA:222,0
DA:223,150
DA:224,150
DA:225,0
DA:226,0
DA:227,0
DA:228,0
DA:229,0
DA:230,0
DA:231,0
DA:232,0
DA:233,150
DA:234,1
DA:235,979
DA:236,979
DA:237,979
DA:238,1
DA:239,979
DA:240,979
DA:241,979
DA:242,1
DA:243,150
DA:244,150
DA:245,150
LF:245
LH:214
BRDA:29,0,0,3
BRDA:30,1,0,1
BRDA:36,2,0,0
BRDA:44,3,0,2
BRDA:46,4,0,0
BRDA:52,5,0,2
BRDA:54,6,0,0
BRDA:58,7,0,5
BRDA:59,8,0,3
BRDA:62,9,0,7
BRDA:68,10,0,124
BRDA:73,11,0,5
BRDA:76,12,0,119
BRDA:85,13,0,2
BRDA:78,14,0,135
BRDA:89,15,0,2
BRDA:95,16,0,8
BRDA:100,17,0,2
BRDA:103,18,0,6
BRDA:112,19,0,0
BRDA:105,20,0,8
BRDA:116,21,0,1
BRDA:123,22,0,26
BRDA:128,23,0,1
BRDA:132,24,0,25
BRDA:133,25,0,25
BRDA:144,26,0,82
BRDA:145,27,0,3
BRDA:148,28,0,79
BRDA:154,29,0,42
BRDA:155,30,0,8
BRDA:155,31,0,2
BRDA:158,32,0,40
BRDA:164,33,0,34
BRDA:166,34,0,7
BRDA:166,35,0,5
BRDA:166,36,0,3
BRDA:169,37,0,31
BRDA:172,38,0,0
BRDA:174,39,0,0
BRDA:176,40,0,0
BRDA:181,41,0,0
BRDA:181,42,0,0
BRDA:186,43,0,1
BRDA:186,44,0,0
BRDA:195,45,0,150
BRDA:198,46,0,979
BRDA:199,47,0,829
BRDA:200,48,0,59
BRDA:203,49,0,109
BRDA:210,50,0,0
BRDA:224,51,0,0
BRDA:235,52,0,979
BRDA:236,53,0,966
BRDA:236,54,0,13
BRDA:236,55,0,966
BRDA:236,56,0,966
BRDA:239,57,0,979
BRDA:240,58,0,966
BRDA:240,59,0,13
BRDA:240,60,0,966
BRDA:240,61,0,966
BRDA:243,62,0,150
BRDA:244,63,0,0
BRF:64
BRH:51
end_of_record
TN:
SF:src/__tests__/setup.ts
FNF:0
FNH:0
DA:1,1
DA:2,1
DA:3,1
DA:4,1
DA:5,1
DA:6,1
DA:7,1
DA:8,1
DA:9,1
DA:10,1
DA:11,1
DA:12,1
DA:13,1
DA:14,1
DA:15,1
DA:16,1
DA:17,1
DA:18,1
DA:19,1
DA:20,1
DA:21,1
DA:22,1
DA:23,1
DA:24,1
DA:25,1
DA:26,1
DA:27,1
DA:28,1
DA:29,1
DA:30,1
DA:31,1
DA:32,1
DA:33,1
DA:34,1
DA:35,1
DA:36,1
DA:37,1
DA:38,1
DA:39,1
DA:40,1
DA:41,1
DA:42,1
DA:43,1
DA:44,1
DA:45,1
DA:46,1
DA:47,1
DA:48,1
DA:49,1
DA:50,1
DA:51,1
DA:52,1
DA:53,1
DA:54,1
LF:54
LH:54
BRF:0
BRH:0
end_of_record
