TN:
SF:src/file.ts
FN:4,getAst
FN:11,parseVueSFC
FN:34,getAstFromPath
FNF:3
FNH:3
FNDA:8,getAst
FNDA:8,parseVueSFC
FNDA:7,getAstFromPath
DA:1,1
DA:2,1
DA:3,1
DA:4,8
DA:5,8
DA:6,8
DA:7,8
DA:8,8
DA:9,8
DA:10,1
DA:11,8
DA:12,8
DA:13,8
DA:14,8
DA:15,8
DA:16,2239
DA:17,6
DA:18,6
DA:19,6
DA:20,2233
DA:21,2239
DA:22,6
DA:23,6
DA:24,6
DA:25,2227
DA:26,2239
DA:27,1662
DA:28,1662
DA:29,2239
DA:30,8
DA:31,8
DA:32,8
DA:33,1
DA:34,7
DA:35,7
DA:36,7
DA:37,7
DA:38,7
DA:39,7
DA:40,7
DA:41,7
LF:41
LH:41
BRDA:4,0,0,8
BRDA:11,1,0,8
BRDA:15,2,0,2239
BRDA:16,3,0,6
BRDA:20,4,0,2233
BRDA:21,5,0,6
BRDA:25,6,0,2227
BRDA:26,7,0,1662
BRDA:34,8,0,7
BRF:9
BRH:9
end_of_record
TN:
SF:src/search.ts
FN:42,searchFnForExp
FN:65,searchPropertyForExp
FN:71,searchForExp
FN:75,breadthFirstSearch
FN:106,depthFirstSearch
FN:137,depthFirstSearchMultiple
FN:165,searchForExpression
FN:173,searchForProperty
FN:181,searchForFunctionLike
FN:216,visit
FN:256,isNode
FN:260,isArray
FN:264,isObject
FNF:13
FNH:13
FNDA:5,searchFnForExp
FNDA:2,searchPropertyForExp
FNDA:6,searchForExp
FNDA:8,breadthFirstSearch
FNDA:4,depthFirstSearch
FNDA:1,depthFirstSearchMultiple
FNDA:387,searchForExpression
FNDA:1208,searchForProperty
FNDA:3102,searchForFunctionLike
FNDA:4687,visit
FNDA:29563,isNode
FNDA:29563,isArray
FNDA:4687,isObject
DA:1,1
DA:2,1
DA:3,1
DA:4,1
DA:5,1
DA:6,1
DA:7,1
DA:8,1
DA:9,1
DA:10,1
DA:11,1
DA:12,1
DA:13,1
DA:14,1
DA:15,1
DA:16,1
DA:17,1
DA:18,1
DA:19,1
DA:20,1
DA:21,1
DA:22,1
DA:23,1
DA:24,1
DA:25,1
DA:26,1
DA:27,1
DA:28,1
DA:29,1
DA:30,1
DA:31,1
DA:32,1
DA:33,1
DA:34,1
DA:35,1
DA:36,1
DA:37,1
DA:38,1
DA:39,1
DA:40,1
DA:41,1
DA:42,5
DA:43,5
DA:44,1
DA:45,1
DA:46,1
DA:47,1
DA:48,1
DA:49,1
DA:50,1
DA:51,1
DA:52,1
DA:53,1
DA:54,1
DA:55,1
DA:56,1
DA:57,5
DA:58,4
DA:59,4
DA:60,3
DA:61,3
DA:62,3
DA:63,5
DA:64,1
DA:65,2
DA:66,2
DA:67,2
DA:68,2
DA:69,2
DA:70,1
DA:71,6
DA:72,6
DA:73,6
DA:74,1
DA:75,8
DA:76,8
DA:77,8
DA:78,8
DA:79,8
DA:80,8
DA:81,8
DA:82,8
DA:83,8
DA:84,8
DA:85,8
DA:86,1595
DA:87,1595
DA:88,1595
DA:89,1595
DA:90,1595
DA:91,6
DA:92,6
DA:93,1589
DA:94,1595
DA:95,1589
DA:96,1841
DA:97,1819
DA:98,1819
DA:99,1819
DA:100,1589
DA:101,1595
DA:102,2
DA:103,2
DA:104,2
DA:105,1
DA:106,4
DA:107,4
DA:108,4
DA:109,4
DA:110,4
DA:111,4
DA:112,4
DA:113,4
DA:114,4
DA:115,4
DA:116,4
DA:117,2230
DA:118,2230
DA:119,2230
DA:120,2230
DA:121,2230
DA:122,3
DA:123,3
DA:124,2227
DA:125,2230
DA:126,2227
DA:127,2280
DA:128,2280
DA:129,2280
DA:130,2280
DA:131,2227
DA:132,2230
DA:133,1
DA:134,1
DA:135,1
DA:136,1
DA:137,1
DA:138,1
DA:139,1
DA:140,1
DA:141,1
DA:142,1
DA:143,1
DA:144,1
DA:145,872
DA:146,872
DA:147,872
DA:148,872
DA:149,872
DA:150,1
DA:151,1
DA:152,872
DA:153,872
DA:154,871
DA:155,882
DA:156,871
DA:157,871
DA:158,871
DA:159,872
DA:160,872
DA:161,1
DA:162,1
DA:163,1
DA:164,1
DA:165,387
DA:166,387
DA:167,4
DA:168,4
DA:169,383
DA:170,383
DA:171,383
DA:172,1
DA:173,1208
DA:174,1208
DA:175,2
DA:176,2
DA:177,1206
DA:178,1206
DA:179,1206
DA:180,1
DA:181,3102
DA:182,3102
DA:183,3102
DA:184,3102
DA:185,3102
DA:186,56
DA:187,3102
DA:188,4
DA:189,4
DA:190,3102
DA:191,3098
DA:192,18
DA:193,3098
DA:194,2
DA:195,3098
DA:196,0
DA:197,0
DA:198,3098
DA:199,3098
DA:200,2
DA:201,3098
DA:202,0
DA:203,0
DA:204,3098
DA:205,3098
DA:206,161
DA:207,3098
DA:208,0
DA:209,0
DA:210,0
DA:211,3102
DA:212,3098
DA:213,3098
DA:214,3098
DA:215,1
DA:216,4687
DA:217,4687
DA:218,4687
DA:219,4687
DA:220,29563
DA:221,24876
DA:222,951
DA:223,951
DA:224,24876
DA:225,3664
DA:226,3664
DA:227,24876
DA:228,29563
DA:229,4687
DA:230,4687
DA:231,4687
DA:232,0
DA:233,0
DA:234,0
DA:235,0
DA:236,0
DA:237,0
DA:238,0
DA:239,0
DA:240,0
DA:241,0
DA:242,0
DA:243,0
DA:244,4687
DA:245,4687
DA:246,0
DA:247,0
DA:248,0
DA:249,0
DA:250,0
DA:251,0
DA:252,0
DA:253,0
DA:254,4687
DA:255,1
DA:256,29563
DA:257,29563
DA:258,29563
DA:259,1
DA:260,29563
DA:261,29563
DA:262,29563
DA:263,1
DA:264,4687
DA:265,4687
DA:266,4687
LF:266
LH:239
BRDA:42,0,0,5
BRDA:43,1,0,1
BRDA:49,2,0,0
BRDA:57,3,0,4
BRDA:59,4,0,1
BRDA:60,5,0,3
BRDA:65,6,0,2
BRDA:67,7,0,0
BRDA:71,8,0,6
BRDA:72,9,0,4
BRDA:75,10,0,8
BRDA:85,11,0,1595
BRDA:90,12,0,6
BRDA:93,13,0,1589
BRDA:94,14,0,0
BRDA:94,15,0,1589
BRDA:94,16,0,1589
BRDA:95,17,0,0
BRDA:102,18,0,2
BRDA:95,19,0,1841
BRDA:96,20,0,1819
BRDA:106,21,0,4
BRDA:116,22,0,2230
BRDA:121,23,0,3
BRDA:124,24,0,2227
BRDA:125,25,0,0
BRDA:125,26,0,2227
BRDA:125,27,0,2227
BRDA:126,28,0,0
BRDA:133,29,0,1
BRDA:126,30,0,2280
BRDA:137,31,0,1
BRDA:144,32,0,872
BRDA:149,33,0,1
BRDA:153,34,0,0
BRDA:153,35,0,871
BRDA:154,36,0,882
BRDA:155,37,0,871
BRDA:165,38,0,387
BRDA:166,39,0,4
BRDA:169,40,0,383
BRDA:173,41,0,1208
BRDA:174,42,0,102
BRDA:174,43,0,2
BRDA:177,44,0,1206
BRDA:181,45,0,3102
BRDA:184,46,0,172
BRDA:185,47,0,56
BRDA:187,48,0,4
BRDA:190,49,0,3098
BRDA:191,50,0,18
BRDA:192,51,0,0
BRDA:192,52,0,17
BRDA:193,53,0,0
BRDA:193,54,0,2
BRDA:194,55,0,0
BRDA:195,56,0,0
BRDA:199,57,0,2
BRDA:201,58,0,0
BRDA:205,59,0,161
BRDA:207,60,0,0
BRDA:212,61,0,3098
BRDA:216,62,0,4687
BRDA:219,63,0,29563
BRDA:220,64,0,24876
BRDA:221,65,0,951
BRDA:224,66,0,3664
BRDA:231,67,0,0
BRDA:245,68,0,0
BRDA:256,69,0,29563
BRDA:257,70,0,29326
BRDA:257,71,0,237
BRDA:257,72,0,29326
BRDA:257,73,0,29326
BRDA:260,74,0,29563
BRDA:261,75,0,29326
BRDA:261,76,0,237
BRDA:261,77,0,29326
BRDA:261,78,0,29326
BRDA:264,79,0,4687
BRDA:265,80,0,0
BRF:81
BRH:65
end_of_record
TN:
SF:src/__tests__/setup.ts
FNF:0
FNH:0
DA:1,1
DA:2,1
DA:3,1
DA:4,1
DA:5,1
DA:6,1
DA:7,1
DA:8,1
DA:9,1
DA:10,1
DA:11,1
DA:12,1
DA:13,1
DA:14,1
DA:15,1
DA:16,1
DA:17,1
DA:18,1
DA:19,1
DA:20,1
DA:21,1
DA:22,1
DA:23,1
DA:24,1
DA:25,1
DA:26,1
DA:27,1
DA:28,1
DA:29,1
DA:30,1
DA:31,1
DA:32,1
DA:33,1
DA:34,1
DA:35,1
DA:36,1
DA:37,1
DA:38,1
DA:39,1
DA:40,1
DA:41,1
DA:42,1
DA:43,1
DA:44,1
DA:45,1
DA:46,1
DA:47,1
DA:48,1
DA:49,1
DA:50,1
DA:51,1
DA:52,1
DA:53,1
DA:54,1
DA:55,1
DA:56,1
DA:57,1
DA:58,1
DA:59,1
DA:60,1
DA:61,1
DA:62,1
DA:63,1
DA:64,1
DA:65,1
DA:66,1
DA:67,1
DA:68,1
DA:69,1
DA:70,1
DA:71,1
DA:72,1
DA:73,1
DA:74,1
DA:75,1
DA:76,1
DA:77,1
DA:78,1
DA:79,1
DA:80,1
DA:81,1
DA:82,1
DA:83,1
DA:84,1
DA:85,1
DA:86,1
DA:87,1
DA:88,1
DA:89,1
DA:90,1
DA:91,1
DA:92,1
DA:93,1
DA:94,1
DA:95,1
DA:96,1
DA:97,1
DA:98,1
DA:99,1
DA:100,1
DA:101,1
DA:102,1
DA:103,1
DA:104,1
DA:105,1
DA:106,1
DA:107,1
DA:108,1
DA:109,1
DA:110,1
DA:111,1
DA:112,1
DA:113,1
DA:114,1
DA:115,1
DA:116,1
DA:117,1
DA:118,1
DA:119,1
DA:120,1
DA:121,1
DA:122,1
DA:123,1
DA:124,1
DA:125,1
DA:126,1
DA:127,1
DA:128,1
DA:129,1
DA:130,1
DA:131,1
DA:132,1
DA:133,1
DA:134,1
DA:135,1
DA:136,1
DA:137,1
DA:138,1
DA:139,1
DA:140,1
DA:141,1
DA:142,1
DA:143,1
DA:144,1
DA:145,1
DA:146,1
DA:147,1
DA:148,1
DA:149,1
DA:150,1
DA:151,1
DA:152,1
DA:153,1
DA:154,1
DA:155,1
DA:156,1
DA:157,1
DA:158,1
DA:159,1
DA:160,1
DA:161,1
DA:162,1
DA:163,1
DA:164,1
DA:165,1
DA:166,1
DA:167,1
DA:168,1
DA:169,1
DA:170,1
DA:171,1
DA:172,1
DA:173,1
DA:174,1
DA:175,1
DA:176,1
DA:177,1
DA:178,1
DA:179,1
DA:180,1
DA:181,1
DA:182,1
DA:183,1
DA:184,1
DA:185,1
DA:186,1
DA:187,1
DA:188,1
DA:189,1
DA:190,1
DA:191,1
DA:192,1
DA:193,1
DA:194,1
DA:195,1
DA:196,1
DA:197,1
DA:198,1
DA:199,1
DA:200,1
DA:201,1
DA:202,1
DA:203,1
DA:204,1
DA:205,1
DA:206,1
DA:207,1
DA:208,1
DA:209,1
DA:210,1
DA:211,1
DA:212,1
DA:213,1
DA:214,1
DA:215,1
DA:216,1
DA:217,1
DA:218,1
DA:219,1
DA:220,1
DA:221,1
DA:222,1
DA:223,1
DA:224,1
DA:225,1
DA:226,1
DA:227,1
DA:228,1
DA:229,1
DA:230,1
DA:231,1
DA:232,1
DA:233,1
DA:234,1
DA:235,1
DA:236,1
DA:237,1
DA:238,1
DA:239,1
DA:240,1
DA:241,1
DA:242,1
DA:243,1
DA:244,1
DA:245,1
DA:246,1
DA:247,1
DA:248,1
DA:249,1
DA:250,1
DA:251,1
DA:252,1
DA:253,1
DA:254,1
DA:255,1
DA:256,1
DA:257,1
DA:258,1
DA:259,1
DA:260,1
DA:261,1
DA:262,1
DA:263,1
DA:264,1
DA:265,1
DA:266,1
DA:267,1
DA:268,1
DA:269,1
DA:270,1
DA:271,1
DA:272,1
DA:273,1
DA:274,1
DA:275,1
DA:276,1
DA:277,1
DA:278,1
DA:279,1
DA:280,1
DA:281,1
DA:282,1
DA:283,1
DA:284,1
DA:285,1
DA:286,1
DA:287,1
DA:288,1
DA:289,1
DA:290,1
DA:291,1
DA:292,1
DA:293,1
DA:294,1
DA:295,1
DA:296,1
DA:297,1
DA:298,1
DA:299,1
DA:300,1
DA:301,1
DA:302,1
DA:303,1
DA:304,1
DA:305,1
DA:306,1
DA:307,1
DA:308,1
DA:309,1
DA:310,1
DA:311,1
DA:312,1
DA:313,1
DA:314,1
DA:315,1
DA:316,1
DA:317,1
DA:318,1
DA:319,1
DA:320,1
DA:321,1
DA:322,1
DA:323,1
DA:324,1
DA:325,1
DA:326,1
DA:327,1
DA:328,1
DA:329,1
DA:330,1
DA:331,1
DA:332,1
DA:333,1
DA:334,1
DA:335,1
DA:336,1
DA:337,1
DA:338,1
DA:339,1
DA:340,1
DA:341,1
DA:342,1
DA:343,1
DA:344,1
DA:345,1
DA:346,1
DA:347,1
DA:348,1
DA:349,1
DA:350,1
DA:351,1
DA:352,1
DA:353,1
DA:354,1
DA:355,1
DA:356,1
DA:357,1
DA:358,1
DA:359,1
DA:360,1
DA:361,1
DA:362,1
DA:363,1
DA:364,1
DA:365,1
DA:366,1
DA:367,1
DA:368,1
DA:369,1
DA:370,1
DA:371,1
DA:372,1
DA:373,1
DA:374,1
DA:375,1
DA:376,1
DA:377,1
DA:378,1
DA:379,1
DA:380,1
DA:381,1
DA:382,1
DA:383,1
DA:384,1
DA:385,1
DA:386,1
DA:387,1
DA:388,1
DA:389,1
DA:390,1
DA:391,1
DA:392,1
DA:393,1
DA:394,1
DA:395,1
DA:396,1
DA:397,1
DA:398,1
DA:399,1
DA:400,1
DA:401,1
DA:402,1
DA:403,1
DA:404,1
DA:405,1
DA:406,1
DA:407,1
DA:408,1
DA:409,1
DA:410,1
DA:411,1
DA:412,1
DA:413,1
DA:414,1
DA:415,1
DA:416,1
DA:417,1
DA:418,1
DA:419,1
DA:420,1
DA:421,1
DA:422,1
DA:423,1
DA:424,1
DA:425,1
DA:426,1
DA:427,1
DA:428,1
DA:429,1
DA:430,1
DA:431,1
DA:432,1
DA:433,1
DA:434,1
DA:435,1
DA:436,1
DA:437,1
DA:438,1
DA:439,1
DA:440,1
DA:441,1
DA:442,1
DA:443,1
DA:444,1
DA:445,1
DA:446,1
DA:447,1
DA:448,1
DA:449,1
DA:450,1
DA:451,1
DA:452,1
DA:453,1
DA:454,1
DA:455,1
DA:456,1
DA:457,1
DA:458,1
DA:459,1
DA:460,1
DA:461,1
DA:462,1
DA:463,1
DA:464,1
DA:465,1
DA:466,1
DA:467,1
DA:468,1
DA:469,1
DA:470,1
DA:471,1
DA:472,1
DA:473,1
DA:474,1
DA:475,1
DA:476,1
DA:477,1
DA:478,1
DA:479,1
DA:480,1
DA:481,1
DA:482,1
DA:483,1
DA:484,1
DA:485,1
DA:486,1
DA:487,1
DA:488,1
DA:489,1
DA:490,1
DA:491,1
DA:492,1
DA:493,1
DA:494,1
DA:495,1
DA:496,1
DA:497,1
DA:498,1
DA:499,1
DA:500,1
DA:501,1
DA:502,1
DA:503,1
DA:504,1
DA:505,1
DA:506,1
DA:507,1
DA:508,1
DA:509,1
DA:510,1
DA:511,1
DA:512,1
DA:513,1
DA:514,1
DA:515,1
DA:516,1
DA:517,1
DA:518,1
DA:519,1
DA:520,1
DA:521,1
DA:522,1
LF:522
LH:522
BRF:0
BRH:0
end_of_record
